[14:10:32] [main/INFO] (FabricLoader) Loading for game Minecraft 1.17.1
[14:10:32] [main/INFO] (Fabric|Loader) [FabricLoader] Loading 49 mods:
	- eva@1.0.0
	- fabric@0.39.2+1.17
	- fabric-api-base@0.3.0+a02b446318
	- fabric-api-lookup-api-v1@1.3.0+2f75c6ce18
	- fabric-biome-api-v1@3.2.0+b06cb95b18
	- fabric-blockrenderlayer-v1@1.1.5+a02b446318
	- fabric-command-api-v1@1.1.3+5ab9934c18
	- fabric-commands-v0@0.2.2+92519afa18
	- fabric-containers-v0@0.1.12+a02b446318
	- fabric-content-registries-v0@0.3.0+211ddf9518
	- fabric-crash-report-info-v1@0.1.5+be9da31018
	- fabric-dimensions-v1@2.0.11+6cefd57718
	- fabric-entity-events-v1@1.2.2+62e33f4118
	- fabric-events-interaction-v0@0.4.9+a722d8c018
	- fabric-events-lifecycle-v0@0.2.1+92519afa18
	- fabric-game-rule-api-v1@1.0.7+6cefd57718
	- fabric-item-api-v1@1.2.4+cbda931818
	- fabric-item-groups-v0@0.2.10+b7ab612118
	- fabric-key-binding-api-v1@1.0.4+cbda931818
	- fabric-keybindings-v0@0.2.2+36b77c3e18
	- fabric-lifecycle-events-v1@1.4.4+a02b446318
	- fabric-loot-tables-v1@1.0.4+a02b446318
	- fabric-mining-levels-v0@0.1.3+92519afa18
	- fabric-models-v0@0.3.0+a02b446318
	- fabric-networking-api-v1@1.0.13+2e8bd82f18
	- fabric-networking-blockentity-v0@0.2.11+a02b446318
	- fabric-networking-v0@0.3.2+92519afa18
	- fabric-object-builder-api-v1@1.10.9+cbda931818
	- fabric-object-builders-v0@0.7.3+a02b446318
	- fabric-particles-v1@0.2.4+a02b446318
	- fabric-registry-sync-v0@0.7.10+e2961fee18
	- fabric-renderer-api-v1@0.4.4+5f02c96918
	- fabric-renderer-indigo@0.4.8+a02b446318
	- fabric-renderer-registries-v1@3.2.1+b06cb95b18
	- fabric-rendering-data-attachment-v1@0.1.5+a02b446318
	- fabric-rendering-fluids-v1@0.1.13+a02b446318
	- fabric-rendering-v0@1.1.2+92519afa18
	- fabric-rendering-v1@1.8.0+b06cb95b18
	- fabric-resource-loader-v0@0.4.8+a00e834b18
	- fabric-screen-api-v1@1.0.4+155f865c18
	- fabric-screen-handler-api-v1@1.1.8+a02b446318
	- fabric-structure-api-v1@1.1.13+5ab9934c18
	- fabric-tag-extensions-v0@1.2.1+b06cb95b18
	- fabric-textures-v0@1.0.6+a02b446318
	- fabric-tool-attribute-api-v1@1.2.12+b7ab612118
	- fabric-transfer-api-v1@1.1.2+96bf6a7e18
	- fabricloader@0.11.6
	- java@16
	- minecraft@1.17.1
[14:10:32] [main/INFO] (mixin) SpongePowered MIXIN Subsystem Version=0.8.2 Source=file:/home/joaquin/.gradle/caches/modules-2/files-2.1/net.fabricmc/sponge-mixin/0.9.4+mixin.0.8.2/ef410951e94c7f4939cc74c86f8df371827818a4/sponge-mixin-0.9.4+mixin.0.8.2.jar Service=Knot/Fabric Env=CLIENT
[14:10:33] [main/INFO] (Fabric|MixinBootstrap) Loaded Fabric development mappings for mixin remapper!
[14:10:33] [main/INFO] (mixin) Compatibility level set to JAVA_16
[14:10:33] [main/WARN] (mixin) @Mixin target net/minecraft/server/world/ServerWorld$ServerEntityHandler is public in fabric-lifecycle-events-v1.mixins.json:ServerWorldEntityLoaderMixin and should be specified in value
[14:10:33] [main/WARN] (mixin) @Mixin target net/minecraft/client/world/ClientWorld$ClientEntityHandler is public in fabric-lifecycle-events-v1.mixins.json:client.ClientWorldEntityLoaderMixin and should be specified in value
[14:10:33] [main/WARN] (mixin) @Mixin target net/minecraft/client/render/block/BlockModelRenderer$AmbientOcclusionCalculator is public in fabric-renderer-indigo.mixins.json:MixinAmbientOcclusionCalculator and should be specified in value
[14:10:33] [main/WARN] (mixin) @Mixin target net/minecraft/client/render/chunk/ChunkBuilder$BuiltChunk$RebuildTask is public in fabric-renderer-indigo.mixins.json:MixinChunkRebuildTask and should be specified in value
[14:10:33] [main/WARN] (mixin) @Mixin target net/minecraft/server/network/ServerPlayNetworkHandler$1 is public in fabric-events-interaction-v0.mixins.json:MixinServerPlayNetworkHandler and should be specified in value
[14:10:33] [main/WARN] (mixin) @Mixin target net/minecraft/village/TradeOffers$TypeAwareBuyForOneEmeraldFactory is public in fabric-object-builder-v1.mixins.json:TypeAwareTradeMixin and should be specified in value
[14:10:33] [main/WARN] (mixin) @Mixin target net/minecraft/client/font/FontManager$1 is public in fabric-resource-loader-v0.mixins.json:client.FontManagerResourceReloadListenerMixin and should be specified in value
[14:10:33] [main/WARN] (mixin) @Mixin target net/minecraft/server/command/GameRuleCommand$1 is public in fabric-game-rule-api-v1.mixins.json:GameRuleCommandVisitorMixin and should be specified in value
[14:10:33] [main/WARN] (mixin) @Mixin target net/minecraft/client/gui/screen/world/EditGameRulesScreen$RuleListWidget$1 is public in fabric-game-rule-api-v1.mixins.json:client.RuleListWidgetVisitorMixin and should be specified in value
[14:10:33] [main/WARN] (mixin) @Mixin target net/minecraft/server/world/ThreadedAnvilChunkStorage$EntityTracker is public in fabric-networking-api-v1.mixins.json:accessor.EntityTrackerAccessor and should be specified in value
[14:10:33] [main/WARN] (mixin) @Mixin target net/minecraft/client/particle/ParticleManager$SimpleSpriteProvider is public in fabric-particles-v1.mixins.json:ParticleManagerAccessor$SimpleSpriteProviderAccessor and should be specified in value
[14:10:33] [main/WARN] (mixin) @Mixin target net/minecraft/data/server/AbstractTagProvider$ObjectBuilder is public in fabric-tag-extensions-v0.mixins.json:MixinObjectBuilder and should be specified in value
[14:10:33] [main/WARN] (mixin) @Mixin target net/minecraft/tag/RequiredTagList$TagWrapper is public in fabric-tag-extensions-v0.mixins.json:MixinTagImpl and should be specified in value
[14:10:34] [main/WARN] (FileUtil) Configuration conflict: there is more than one oshi.properties file on the classpath
[14:10:34] [main/WARN] (FileUtil) Configuration conflict: there is more than one oshi.architecture.properties file on the classpath
[14:10:37] [Render thread/INFO] (Minecraft) Environment: authHost='https://authserver.mojang.com', accountsHost='https://api.mojang.com', sessionHost='https://sessionserver.mojang.com', servicesHost='https://api.minecraftservices.com', name='PROD'
[14:10:39] [Render thread/ERROR] (Minecraft) Failed to verify authentication
com.mojang.authlib.exceptions.InvalidCredentialsException: Status: 401
	at com.mojang.authlib.exceptions.MinecraftClientHttpException.toAuthenticationException(MinecraftClientHttpException.java:56) ~[authlib-2.3.31.jar:?]
	at com.mojang.authlib.yggdrasil.YggdrasilSocialInteractionsService.checkPrivileges(YggdrasilSocialInteractionsService.java:112) ~[authlib-2.3.31.jar:?]
	at com.mojang.authlib.yggdrasil.YggdrasilSocialInteractionsService.<init>(YggdrasilSocialInteractionsService.java:42) ~[authlib-2.3.31.jar:?]
	at com.mojang.authlib.yggdrasil.YggdrasilAuthenticationService.createSocialInteractionsService(YggdrasilAuthenticationService.java:151) ~[authlib-2.3.31.jar:?]
	at net.minecraft.client.MinecraftClient.createSocialInteractionsService(MinecraftClient.java:683) [minecraft-1.17.1-mapped-net.fabricmc.yarn-1.17.1+build.39-v2.jar:?]
	at net.minecraft.client.MinecraftClient.<init>(MinecraftClient.java:496) [minecraft-1.17.1-mapped-net.fabricmc.yarn-1.17.1+build.39-v2.jar:?]
	at net.minecraft.client.main.Main.main(Main.java:153) [minecraft-1.17.1-mapped-net.fabricmc.yarn-1.17.1+build.39-v2.jar:?]
	at jdk.internal.reflect.NativeMethodAccessorImpl.invoke0(Native Method) ~[?:?]
	at jdk.internal.reflect.NativeMethodAccessorImpl.invoke(NativeMethodAccessorImpl.java:78) ~[?:?]
	at jdk.internal.reflect.DelegatingMethodAccessorImpl.invoke(DelegatingMethodAccessorImpl.java:43) ~[?:?]
	at java.lang.reflect.Method.invoke(Method.java:567) ~[?:?]
	at net.fabricmc.loader.game.MinecraftGameProvider.launch(MinecraftGameProvider.java:234) [fabric-loader-0.11.6.jar:?]
	at net.fabricmc.loader.launch.knot.Knot.launch(Knot.java:153) [fabric-loader-0.11.6.jar:?]
	at net.fabricmc.loader.launch.knot.KnotClient.main(KnotClient.java:28) [fabric-loader-0.11.6.jar:?]
	at net.fabricmc.devlaunchinjector.Main.main(Main.java:86) [dev-launch-injector-0.2.1+build.8.jar:?]
Caused by: com.mojang.authlib.exceptions.MinecraftClientHttpException: Status: 401
	at com.mojang.authlib.minecraft.client.MinecraftClient.readInputStream(MinecraftClient.java:77) ~[authlib-2.3.31.jar:?]
	at com.mojang.authlib.minecraft.client.MinecraftClient.get(MinecraftClient.java:47) ~[authlib-2.3.31.jar:?]
	at com.mojang.authlib.yggdrasil.YggdrasilSocialInteractionsService.checkPrivileges(YggdrasilSocialInteractionsService.java:104) ~[authlib-2.3.31.jar:?]
	... 13 more
[14:10:39] [Render thread/INFO] (Minecraft) Setting user: Player110
[14:10:39] [Render thread/WARN] (mixin) @Inject(@At("INVOKE")) Shift.BY=3 on fabric-lifecycle-events-v1.mixins.json:client.WorldChunkMixin::handler$zzn000$onLoadBlockEntity exceeds the maximum allowed value: 0. Increase the value of maxShiftBy to suppress this warning.
[14:10:39] [Render thread/INFO] (Indigo) [Indigo] Registering Indigo renderer!
[14:10:39] [Render thread/INFO] (Minecraft) Backend library: LWJGL version 3.2.2 build 10
[14:10:42] [Render thread/WARN] (Minecraft) ERROR : Couldn't load Narrator library : Unable to load library 'fliteWrapper':
libflite.so.1: cannot open shared object file: No such file or directory
libflite.so.1: cannot open shared object file: No such file or directory
Native library (linux-x86-64/libfliteWrapper.so) not found in resource path (/home/joaquin/.universe/programming/evamc/build/classes/java/main:/home/joaquin/.universe/programming/evamc/build/resources/main:/home/joaquin/.gradle/caches/fabric-loom/yarn-1.17.1+build.39-v2-final.jar:/home/joaquin/.gradle/caches/modules-2/files-2.1/net.fabricmc/tiny-mappings-parser/0.2.2.14/b7020df2520820f670dfaedd2cf23666d24a2aa8/tiny-mappings-parser-0.2.2.14.jar:/home/joaquin/.gradle/caches/modules-2/files-2.1/net.fabricmc/sponge-mixin/0.9.4+mixin.0.8.2/ef410951e94c7f4939cc74c86f8df371827818a4/sponge-mixin-0.9.4+mixin.0.8.2.jar:/home/joaquin/.gradle/caches/modules-2/files-2.1/net.fabricmc/tiny-remapper/0.4.2/815d2f38e460a669148f996c91ae415df567668a/tiny-remapper-0.4.2.jar:/home/joaquin/.gradle/caches/modules-2/files-2.1/net.fabricmc/access-widener/1.0.0/22264da061b12132ecfe15f68e0a90a11b14e6f9/access-widener-1.0.0.jar:/home/joaquin/.gradle/caches/modules-2/files-2.1/net.fabricmc/fabric-loader-sat4j/2.3.5.4/f8fe5353909430b5845ae24ea1e01d83f12ad916/fabric-loader-sat4j-2.3.5.4.jar:/home/joaquin/.gradle/caches/modules-2/files-2.1/com.google.jimfs/jimfs/1.2-fabric/c3705f1acc511edb8ad4fd4e86ae4634a25315bb/jimfs-1.2-fabric.jar:/home/joaquin/.gradle/caches/modules-2/files-2.1/org.ow2.asm/asm/9.1/a99500cf6eea30535eeac6be73899d048f8d12a8/asm-9.1.jar:/home/joaquin/.gradle/caches/modules-2/files-2.1/org.ow2.asm/asm-analysis/9.1/4f61b83b81d8b659958f4bcc48907e93ecea55a0/asm-analysis-9.1.jar:/home/joaquin/.gradle/caches/modules-2/files-2.1/org.ow2.asm/asm-commons/9.1/8b971b182eb5cf100b9e8d4119152d83e00e0fdd/asm-commons-9.1.jar:/home/joaquin/.gradle/caches/modules-2/files-2.1/org.ow2.asm/asm-tree/9.1/c333f2a855069cb8eb17a40a3eb8b1b67755d0eb/asm-tree-9.1.jar:/home/joaquin/.gradle/caches/modules-2/files-2.1/org.ow2.asm/asm-util/9.1/36464a45d871779f3383a8a9aba2b26562a86729/asm-util-9.1.jar:/home/joaquin/.gradle/caches/modules-2/files-2.1/net.fabricmc/dev-launch-injector/0.2.1+build.8/da8bef7e6e2f952da707f282bdb46882a0fce5e3/dev-launch-injector-0.2.1+build.8.jar:/home/joaquin/.gradle/caches/modules-2/files-2.1/net.minecrell/terminalconsoleappender/1.2.0/96d02cd3b384ff015a8fef4223bcb4ccf1717c95/terminalconsoleappender-1.2.0.jar:/home/joaquin/.gradle/caches/modules-2/files-2.1/com.mojang/blocklist/1.0.5/9da540f21c9a8d5ed7c029e1f88d1a6dabb0d6ad/blocklist-1.0.5.jar:/home/joaquin/.gradle/caches/modules-2/files-2.1/com.mojang/patchy/2.1.6/ce112c16c6275fdfff2d30208533ec906a191f71/patchy-2.1.6.jar:/home/joaquin/.gradle/caches/modules-2/files-2.1/com.github.oshi/oshi-core/5.7.5/725374463734aacde70a3b20f018aca3f922655f/oshi-core-5.7.5.jar:/home/joaquin/.gradle/caches/modules-2/files-2.1/net.java.dev.jna/jna/5.8.0/3551d8d827e54858214107541d3aff9c615cb615/jna-5.8.0.jar:/home/joaquin/.gradle/caches/modules-2/files-2.1/net.java.dev.jna/jna-platform/5.8.0/2f12f6d7f7652270d13624cef1b82d8cd9a5398e/jna-platform-5.8.0.jar:/home/joaquin/.gradle/caches/modules-2/files-2.1/org.slf4j/slf4j-api/1.8.0-beta4/83b0359d847ee053d745be7ec0d8e9e8a44304b4/slf4j-api-1.8.0-beta4.jar:/home/joaquin/.gradle/caches/modules-2/files-2.1/org.apache.logging.log4j/log4j-slf4j18-impl/2.14.1/312b4d91b21160b9fab43600fa787f31e8cab930/log4j-slf4j18-impl-2.14.1.jar:/home/joaquin/.gradle/caches/modules-2/files-2.1/com.ibm.icu/icu4j/66.1/72c7519b6d91f7a1f993bd44a99fe95d67211b27/icu4j-66.1.jar:/home/joaquin/.gradle/caches/modules-2/files-2.1/com.mojang/javabridge/1.1.23/3e5084d916ba393dfd82928ec97663aeb10b2e2c/javabridge-1.1.23.jar:/home/joaquin/.gradle/caches/modules-2/files-2.1/net.sf.jopt-simple/jopt-simple/5.0.3/cdd846cfc4e0f7eefafc02c0f5dce32b9303aa2a/jopt-simple-5.0.3.jar:/home/joaquin/.gradle/caches/modules-2/files-2.1/io.netty/netty-all/4.1.25.Final/d0626cd3108294d1d58c05859add27b4ef21f83b/netty-all-4.1.25.Final.jar:/home/joaquin/.gradle/caches/modules-2/files-2.1/com.google.guava/guava/21.0/3a3d111be1be1b745edfa7d91678a12d7ed38709/guava-21.0.jar:/home/joaquin/.gradle/caches/modules-2/files-2.1/org.apache.commons/commons-lang3/3.5/6c6c702c89bfff3cd9e80b04d668c5e190d588c6/commons-lang3-3.5.jar:/home/joaquin/.gradle/caches/modules-2/files-2.1/commons-io/commons-io/2.5/2852e6e05fbb95076fc091f6d1780f1f8fe35e0f/commons-io-2.5.jar:/home/joaquin/.gradle/caches/modules-2/files-2.1/commons-codec/commons-codec/1.10/4b95f4897fa13f2cd904aee711aeafc0c5295cd8/commons-codec-1.10.jar:/home/joaquin/.gradle/caches/modules-2/files-2.1/net.java.jinput/jinput/2.0.5/39c7796b469a600f72380316f6b1f11db6c2c7c4/jinput-2.0.5.jar:/home/joaquin/.gradle/caches/modules-2/files-2.1/net.java.jutils/jutils/1.0.0/e12fe1fda814bd348c1579329c86943d2cd3c6a6/jutils-1.0.0.jar:/home/joaquin/.gradle/caches/modules-2/files-2.1/com.mojang/brigadier/1.0.18/c1ef1234282716483c92183f49bef47b1a89bfa9/brigadier-1.0.18.jar:/home/joaquin/.gradle/caches/modules-2/files-2.1/com.mojang/datafixerupper/4.0.26/ebd6690f33871ccee9b6132c6480668ee2e35020/datafixerupper-4.0.26.jar:/home/joaquin/.gradle/caches/modules-2/files-2.1/com.google.code.gson/gson/2.8.0/c4ba5371a29ac9b2ad6129b1d39ea38750043eff/gson-2.8.0.jar:/home/joaquin/.gradle/caches/modules-2/files-2.1/com.mojang/authlib/2.3.31/bbd00ca33b052f73a6312254780fc580d2da3535/authlib-2.3.31.jar:/home/joaquin/.gradle/caches/modules-2/files-2.1/org.apache.commons/commons-compress/1.8.1/a698750c16740fd5b3871425f4cb3bbaa87f529d/commons-compress-1.8.1.jar:/home/joaquin/.gradle/caches/modules-2/files-2.1/org.apache.httpcomponents/httpclient/4.3.3/18f4247ff4572a074444572cee34647c43e7c9c7/httpclient-4.3.3.jar:/home/joaquin/.gradle/caches/modules-2/files-2.1/commons-logging/commons-logging/1.1.3/f6f66e966c70a83ffbdb6f17a0919eaf7c8aca7f/commons-logging-1.1.3.jar:/home/joaquin/.gradle/caches/modules-2/files-2.1/org.apache.httpcomponents/httpcore/4.3.2/31fbbff1ddbf98f3aa7377c94d33b0447c646b6e/httpcore-4.3.2.jar:/home/joaquin/.gradle/caches/modules-2/files-2.1/it.unimi.dsi/fastutil/8.2.1/5ad88f325e424f8dbc2be5459e21ea5cab3864e9/fastutil-8.2.1.jar:/home/joaquin/.gradle/caches/modules-2/files-2.1/org.apache.logging.log4j/log4j-api/2.14.1/cd8858fbbde69f46bce8db1152c18a43328aae78/log4j-api-2.14.1.jar:/home/joaquin/.gradle/caches/modules-2/files-2.1/org.apache.logging.log4j/log4j-core/2.14.1/9141212b8507ab50a45525b545b39d224614528b/log4j-core-2.14.1.jar:/home/joaquin/.gradle/caches/modules-2/files-2.1/org.lwjgl/lwjgl/3.2.2/8ad6294407e15780b43e84929c40e4c5e997972e/lwjgl-3.2.2.jar:/home/joaquin/.gradle/caches/modules-2/files-2.1/org.lwjgl/lwjgl-jemalloc/3.2.2/ee8e57a79300f78294576d87c4a587f8c99402e2/lwjgl-jemalloc-3.2.2.jar:/home/joaquin/.gradle/caches/modules-2/files-2.1/org.lwjgl/lwjgl-openal/3.2.2/2b772a102b0a11ee5f2109a5b136f4dc7c630827/lwjgl-openal-3.2.2.jar:/home/joaquin/.gradle/caches/modules-2/files-2.1/org.lwjgl/lwjgl-opengl/3.2.2/6ac5bb88b44c43ea195a570aab059f63da004cd8/lwjgl-opengl-3.2.2.jar:/home/joaquin/.gradle/caches/modules-2/files-2.1/org.lwjgl/lwjgl-glfw/3.2.2/d3ad4df38e400b8afba1de63f84338809399df5b/lwjgl-glfw-3.2.2.jar:/home/joaquin/.gradle/caches/modules-2/files-2.1/org.lwjgl/lwjgl-stb/3.2.2/3b8e6ebc5851dd3d17e37e5cadce2eff2a429f0f/lwjgl-stb-3.2.2.jar:/home/joaquin/.gradle/caches/modules-2/files-2.1/org.lwjgl/lwjgl-tinyfd/3.2.2/fcbe606c8f8da6f8f9a05e2c540eb1ee8632b0e9/lwjgl-tinyfd-3.2.2.jar:/home/joaquin/.gradle/caches/modules-2/files-2.1/com.mojang/text2speech/1.11.3/f378f889797edd7df8d32272c06ca80a1b6b0f58/text2speech-1.11.3.jar:/home/joaquin/.gradle/caches/modules-2/files-2.1/ca.weblite/java-objc-bridge/1.0.0/6ef160c3133a78de015830860197602ca1c855d3/java-objc-bridge-1.0.0.jar:/home/joaquin/.gradle/caches/fabric-loom/1.17.1-mapped-net.fabricmc.yarn-1.17.1+build.39-v2/minecraft-1.17.1-mapped-net.fabricmc.yarn-1.17.1+build.39-v2.jar:/home/joaquin/.universe/programming/evamc/.gradle/loom-cache/remapped_mods/net_fabricmc_yarn_1_17_1_1_17_1_build_39_v2/net/fabricmc/fabric-api/fabric-api/0.39.2+1.17/fabric-api-0.39.2+1.17.jar:/home/joaquin/.universe/programming/evamc/.gradle/loom-cache/remapped_mods/net_fabricmc_yarn_1_17_1_1_17_1_build_39_v2/net/fabricmc/fabric-api/fabric-transfer-api-v1/1.1.2+96bf6a7e18/fabric-transfer-api-v1-1.1.2+96bf6a7e18.jar:/home/joaquin/.universe/programming/evamc/.gradle/loom-cache/remapped_mods/net_fabricmc_yarn_1_17_1_1_17_1_build_39_v2/net/fabricmc/fabric-api/fabric-api-lookup-api-v1/1.3.0+2f75c6ce18/fabric-api-lookup-api-v1-1.3.0+2f75c6ce18.jar:/home/joaquin/.universe/programming/evamc/.gradle/loom-cache/remapped_mods/net_fabricmc_yarn_1_17_1_1_17_1_build_39_v2/net/fabricmc/fabric-api/fabric-blockrenderlayer-v1/1.1.5+a02b446318/fabric-blockrenderlayer-v1-1.1.5+a02b446318.jar:/home/joaquin/.universe/programming/evamc/.gradle/loom-cache/remapped_mods/net_fabricmc_yarn_1_17_1_1_17_1_build_39_v2/net/fabricmc/fabric-api/fabric-commands-v0/0.2.2+92519afa18/fabric-commands-v0-0.2.2+92519afa18.jar:/home/joaquin/.universe/programming/evamc/.gradle/loom-cache/remapped_mods/net_fabricmc_yarn_1_17_1_1_17_1_build_39_v2/net/fabricmc/fabric-api/fabric-command-api-v1/1.1.3+5ab9934c18/fabric-command-api-v1-1.1.3+5ab9934c18.jar:/home/joaquin/.universe/programming/evamc/.gradle/loom-cache/remapped_mods/net_fabricmc_yarn_1_17_1_1_17_1_build_39_v2/net/fabricmc/fabric-api/fabric-containers-v0/0.1.12+a02b446318/fabric-containers-v0-0.1.12+a02b446318.jar:/home/joaquin/.universe/programming/evamc/.gradle/loom-cache/remapped_mods/net_fabricmc_yarn_1_17_1_1_17_1_build_39_v2/net/fabricmc/fabric-api/fabric-content-registries-v0/0.3.0+211ddf9518/fabric-content-registries-v0-0.3.0+211ddf9518.jar:/home/joaquin/.universe/programming/evamc/.gradle/loom-cache/remapped_mods/net_fabricmc_yarn_1_17_1_1_17_1_build_39_v2/net/fabricmc/fabric-api/fabric-dimensions-v1/2.0.11+6cefd57718/fabric-dimensions-v1-2.0.11+6cefd57718.jar:/home/joaquin/.universe/programming/evamc/.gradle/loom-cache/remapped_mods/net_fabricmc_yarn_1_17_1_1_17_1_build_39_v2/net/fabricmc/fabric-api/fabric-entity-events-v1/1.2.2+62e33f4118/fabric-entity-events-v1-1.2.2+62e33f4118.jar:/home/joaquin/.universe/programming/evamc/.gradle/loom-cache/remapped_mods/net_fabricmc_yarn_1_17_1_1_17_1_build_39_v2/net/fabricmc/fabric-api/fabric-events-interaction-v0/0.4.9+a722d8c018/fabric-events-interaction-v0-0.4.9+a722d8c018.jar:/home/joaquin/.universe/programming/evamc/.gradle/loom-cache/remapped_mods/net_fabricmc_yarn_1_17_1_1_17_1_build_39_v2/net/fabricmc/fabric-api/fabric-events-lifecycle-v0/0.2.1+92519afa18/fabric-events-lifecycle-v0-0.2.1+92519afa18.jar:/home/joaquin/.universe/programming/evamc/.gradle/loom-cache/remapped_mods/net_fabricmc_yarn_1_17_1_1_17_1_build_39_v2/net/fabricmc/fabric-api/fabric-item-groups-v0/0.2.10+b7ab612118/fabric-item-groups-v0-0.2.10+b7ab612118.jar:/home/joaquin/.universe/programming/evamc/.gradle/loom-cache/remapped_mods/net_fabricmc_yarn_1_17_1_1_17_1_build_39_v2/net/fabricmc/fabric-api/fabric-structure-api-v1/1.1.13+5ab9934c18/fabric-structure-api-v1-1.1.13+5ab9934c18.jar:/home/joaquin/.universe/programming/evamc/.gradle/loom-cache/remapped_mods/net_fabricmc_yarn_1_17_1_1_17_1_build_39_v2/net/fabricmc/fabric-api/fabric-lifecycle-events-v1/1.4.4+a02b446318/fabric-lifecycle-events-v1-1.4.4+a02b446318.jar:/home/joaquin/.universe/programming/evamc/.gradle/loom-cache/remapped_mods/net_fabricmc_yarn_1_17_1_1_17_1_build_39_v2/net/fabricmc/fabric-api/fabric-loot-tables-v1/1.0.4+a02b446318/fabric-loot-tables-v1-1.0.4+a02b446318.jar:/home/joaquin/.universe/programming/evamc/.gradle/loom-cache/remapped_mods/net_fabricmc_yarn_1_17_1_1_17_1_build_39_v2/net/fabricmc/fabric-api/fabric-mining-levels-v0/0.1.3+92519afa18/fabric-mining-levels-v0-0.1.3+92519afa18.jar:/home/joaquin/.universe/programming/evamc/.gradle/loom-cache/remapped_mods/net_fabricmc_yarn_1_17_1_1_17_1_build_39_v2/net/fabricmc/fabric-api/fabric-models-v0/0.3.0+a02b446318/fabric-models-v0-0.3.0+a02b446318.jar:/home/joaquin/.universe/programming/evamc/.gradle/loom-cache/remapped_mods/net_fabricmc_yarn_1_17_1_1_17_1_build_39_v2/net/fabricmc/fabric-api/fabric-networking-v0/0.3.2+92519afa18/fabric-networking-v0-0.3.2+92519afa18.jar:/home/joaquin/.universe/programming/evamc/.gradle/loom-cache/remapped_mods/net_fabricmc_yarn_1_17_1_1_17_1_build_39_v2/net/fabricmc/fabric-api/fabric-registry-sync-v0/0.7.10+e2961fee18/fabric-registry-sync-v0-0.7.10+e2961fee18.jar:/home/joaquin/.universe/programming/evamc/.gradle/loom-cache/remapped_mods/net_fabricmc_yarn_1_17_1_1_17_1_build_39_v2/net/fabricmc/fabric-api/fabric-screen-handler-api-v1/1.1.8+a02b446318/fabric-screen-handler-api-v1-1.1.8+a02b446318.jar:/home/joaquin/.universe/programming/evamc/.gradle/loom-cache/remapped_mods/net_fabricmc_yarn_1_17_1_1_17_1_build_39_v2/net/fabricmc/fabric-api/fabric-networking-api-v1/1.0.13+2e8bd82f18/fabric-networking-api-v1-1.0.13+2e8bd82f18.jar:/home/joaquin/.universe/programming/evamc/.gradle/loom-cache/remapped_mods/net_fabricmc_yarn_1_17_1_1_17_1_build_39_v2/net/fabricmc/fabric-api/fabric-networking-blockentity-v0/0.2.11+a02b446318/fabric-networking-blockentity-v0-0.2.11+a02b446318.jar:/home/joaquin/.universe/programming/evamc/.gradle/loom-cache/remapped_mods/net_fabricmc_yarn_1_17_1_1_17_1_build_39_v2/net/fabricmc/fabric-api/fabric-object-builders-v0/0.7.3+a02b446318/fabric-object-builders-v0-0.7.3+a02b446318.jar:/home/joaquin/.universe/programming/evamc/.gradle/loom-cache/remapped_mods/net_fabricmc_yarn_1_17_1_1_17_1_build_39_v2/net/fabricmc/fabric-api/fabric-particles-v1/0.2.4+a02b446318/fabric-particles-v1-0.2.4+a02b446318.jar:/home/joaquin/.universe/programming/evamc/.gradle/loom-cache/remapped_mods/net_fabricmc_yarn_1_17_1_1_17_1_build_39_v2/net/fabricmc/fabric-api/fabric-renderer-indigo/0.4.8+a02b446318/fabric-renderer-indigo-0.4.8+a02b446318.jar:/home/joaquin/.universe/programming/evamc/.gradle/loom-cache/remapped_mods/net_fabricmc_yarn_1_17_1_1_17_1_build_39_v2/net/fabricmc/fabric-api/fabric-renderer-api-v1/0.4.4+5f02c96918/fabric-renderer-api-v1-0.4.4+5f02c96918.jar:/home/joaquin/.universe/programming/evamc/.gradle/loom-cache/remapped_mods/net_fabricmc_yarn_1_17_1_1_17_1_build_39_v2/net/fabricmc/fabric-api/fabric-renderer-registries-v1/3.2.1+b06cb95b18/fabric-renderer-registries-v1-3.2.1+b06cb95b18.jar:/home/joaquin/.universe/programming/evamc/.gradle/loom-cache/remapped_mods/net_fabricmc_yarn_1_17_1_1_17_1_build_39_v2/net/fabricmc/fabric-api/fabric-rendering-data-attachment-v1/0.1.5+a02b446318/fabric-rendering-data-attachment-v1-0.1.5+a02b446318.jar:/home/joaquin/.universe/programming/evamc/.gradle/loom-cache/remapped_mods/net_fabricmc_yarn_1_17_1_1_17_1_build_39_v2/net/fabricmc/fabric-api/fabric-rendering-fluids-v1/0.1.13+a02b446318/fabric-rendering-fluids-v1-0.1.13+a02b446318.jar:/home/joaquin/.universe/programming/evamc/.gradle/loom-cache/remapped_mods/net_fabricmc_yarn_1_17_1_1_17_1_build_39_v2/net/fabricmc/fabric-api/fabric-rendering-v0/1.1.2+92519afa18/fabric-rendering-v0-1.1.2+92519afa18.jar:/home/joaquin/.universe/programming/evamc/.gradle/loom-cache/remapped_mods/net_fabricmc_yarn_1_17_1_1_17_1_build_39_v2/net/fabricmc/fabric-api/fabric-rendering-v1/1.8.0+b06cb95b18/fabric-rendering-v1-1.8.0+b06cb95b18.jar:/home/joaquin/.universe/programming/evamc/.gradle/loom-cache/remapped_mods/net_fabricmc_yarn_1_17_1_1_17_1_build_39_v2/net/fabricmc/fabric-api/fabric-screen-api-v1/1.0.4+155f865c18/fabric-screen-api-v1-1.0.4+155f865c18.jar:/home/joaquin/.universe/programming/evamc/.gradle/loom-cache/remapped_mods/net_fabricmc_yarn_1_17_1_1_17_1_build_39_v2/net/fabricmc/fabric-api/fabric-object-builder-api-v1/1.10.9+cbda931818/fabric-object-builder-api-v1-1.10.9+cbda931818.jar:/home/joaquin/.universe/programming/evamc/.gradle/loom-cache/remapped_mods/net_fabricmc_yarn_1_17_1_1_17_1_build_39_v2/net/fabricmc/fabric-api/fabric-tool-attribute-api-v1/1.2.12+b7ab612118/fabric-tool-attribute-api-v1-1.2.12+b7ab612118.jar:/home/joaquin/.universe/programming/evamc/.gradle/loom-cache/remapped_mods/net_fabricmc_yarn_1_17_1_1_17_1_build_39_v2/net/fabricmc/fabric-api/fabric-tag-extensions-v0/1.2.1+b06cb95b18/fabric-tag-extensions-v0-1.2.1+b06cb95b18.jar:/home/joaquin/.universe/programming/evamc/.gradle/loom-cache/remapped_mods/net_fabricmc_yarn_1_17_1_1_17_1_build_39_v2/net/fabricmc/fabric-api/fabric-textures-v0/1.0.6+a02b446318/fabric-textures-v0-1.0.6+a02b446318.jar:/home/joaquin/.universe/programming/evamc/.gradle/loom-cache/remapped_mods/net_fabricmc_yarn_1_17_1_1_17_1_build_39_v2/net/fabricmc/fabric-api/fabric-item-api-v1/1.2.4+cbda931818/fabric-item-api-v1-1.2.4+cbda931818.jar:/home/joaquin/.universe/programming/evamc/.gradle/loom-cache/remapped_mods/net_fabricmc_yarn_1_17_1_1_17_1_build_39_v2/net/fabricmc/fabric-api/fabric-api-base/0.3.0+a02b446318/fabric-api-base-0.3.0+a02b446318.jar:/home/joaquin/.universe/programming/evamc/.gradle/loom-cache/remapped_mods/net_fabricmc_yarn_1_17_1_1_17_1_build_39_v2/net/fabricmc/fabric-api/fabric-biome-api-v1/3.2.0+b06cb95b18/fabric-biome-api-v1-3.2.0+b06cb95b18.jar:/home/joaquin/.universe/programming/evamc/.gradle/loom-cache/remapped_mods/net_fabricmc_yarn_1_17_1_1_17_1_build_39_v2/net/fabricmc/fabric-api/fabric-crash-report-info-v1/0.1.5+be9da31018/fabric-crash-report-info-v1-0.1.5+be9da31018.jar:/home/joaquin/.universe/programming/evamc/.gradle/loom-cache/remapped_mods/net_fabricmc_yarn_1_17_1_1_17_1_build_39_v2/net/fabricmc/fabric-api/fabric-game-rule-api-v1/1.0.7+6cefd57718/fabric-game-rule-api-v1-1.0.7+6cefd57718.jar:/home/joaquin/.universe/programming/evamc/.gradle/loom-cache/remapped_mods/net_fabricmc_yarn_1_17_1_1_17_1_build_39_v2/net/fabricmc/fabric-api/fabric-keybindings-v0/0.2.2+36b77c3e18/fabric-keybindings-v0-0.2.2+36b77c3e18.jar:/home/joaquin/.universe/programming/evamc/.gradle/loom-cache/remapped_mods/net_fabricmc_yarn_1_17_1_1_17_1_build_39_v2/net/fabricmc/fabric-api/fabric-resource-loader-v0/0.4.8+a00e834b18/fabric-resource-loader-v0-0.4.8+a00e834b18.jar:/home/joaquin/.universe/programming/evamc/.gradle/loom-cache/remapped_mods/net_fabricmc_yarn_1_17_1_1_17_1_build_39_v2/net/fabricmc/fabric-api/fabric-key-binding-api-v1/1.0.4+cbda931818/fabric-key-binding-api-v1-1.0.4+cbda931818.jar:/home/joaquin/.universe/programming/evamc/.gradle/loom-cache/remapped_mods/net_fabricmc_yarn_1_17_1_1_17_1_build_39_v2/net/fabricmc/fabric-loader/0.11.6/fabric-loader-0.11.6.jar:/home/joaquin/.gradle/caches/modules-2/files-2.1/org.jline/jline-reader/3.12.1/4382ab1382c7b6f379377ed5f665dc2f6e1218bc/jline-reader-3.12.1.jar:/home/joaquin/.gradle/caches/modules-2/files-2.1/org.jline/jline-terminal/3.12.1/c777448314e050d980a6b697c140f3bfe9eb7416/jline-terminal-3.12.1.jar)
[14:10:42] [Render thread/INFO] (Minecraft) Reloading ResourceManager: Default, Fabric Mods (Fabric Renderer API (v1), Fabric Key Bindings (v0), Fabric Loader, Fabric Transfer API (v1), Fabric Structure API (v1), Fabric Containers (v0), Fabric Dimensions API (v1), Fabric Object Builder API (v1), Fabric Game Rule API (v1), Fabric API Base, Fabric Rendering Data Attachment (v1), Fabric Textures (v0), Fabric Rendering Fluids (v1), Fabric BlockRenderLayer Registration (v1), Fabric Lifecycle Events (v1), Fabric Renderer Registries (v1), Fabric Loot Tables (v1), Fabric API, Fabric Particles (v1), Fabric Networking (v0), Fabric API Lookup API (v1), Fabric Screen Handler API (v1), Fabric Networking Block Entity (v0), Fabric Command API (v1), Fabric Screen API (v1), Fabric Tool Attribute API (v1), Fabric Renderer - Indigo, eva, Fabric Events Interaction (v0), Fabric Crash Report Info (v1), Fabric Item API (v1), Fabric Entity Events (v1), Fabric Rendering (v0), Fabric Rendering (v1), Fabric Key Binding API (v1), Fabric Resource Loader (v0), Fabric Content Registries (v0), Fabric Tag Extensions (v0), Fabric Biome API (v1), Fabric Commands (v0), Fabric Registry Sync (v0), Fabric Mining Levels (v0), Fabric Networking API (v1), Fabric Events Lifecycle (v0), Fabric Item Groups (v0), Fabric Models (v0), Fabric Object Builders (v0))
[14:10:43] [Realms Notification Availability checker #1/INFO] (Minecraft) Could not authorize you against Realms server: Invalid session id
[14:10:44] [Render thread/INFO] (Minecraft) OpenAL initialized.
[14:10:44] [Render thread/INFO] (Minecraft) Sound engine started
[14:10:45] [Render thread/INFO] (Minecraft) Created: 1024x1024x4 minecraft:textures/atlas/blocks.png-atlas
[14:10:45] [Render thread/INFO] (Minecraft) Created: 256x128x4 minecraft:textures/atlas/signs.png-atlas
[14:10:45] [Render thread/INFO] (Minecraft) Created: 1024x512x4 minecraft:textures/atlas/banner_patterns.png-atlas
[14:10:45] [Render thread/INFO] (Minecraft) Created: 1024x512x4 minecraft:textures/atlas/shield_patterns.png-atlas
[14:10:45] [Render thread/INFO] (Minecraft) Created: 256x256x4 minecraft:textures/atlas/chest.png-atlas
[14:10:45] [Render thread/INFO] (Minecraft) Created: 512x256x4 minecraft:textures/atlas/beds.png-atlas
[14:10:45] [Render thread/INFO] (Minecraft) Created: 512x256x4 minecraft:textures/atlas/shulker_boxes.png-atlas
[14:10:46] [Render thread/INFO] (Minecraft) Created: 256x256x0 minecraft:textures/atlas/particles.png-atlas
[14:10:46] [Render thread/INFO] (Minecraft) Created: 256x256x0 minecraft:textures/atlas/paintings.png-atlas
[14:10:46] [Render thread/INFO] (Minecraft) Created: 256x128x0 minecraft:textures/atlas/mob_effects.png-atlas
[14:10:51] [Render thread/WARN] (Minecraft) Ambiguity between arguments [teleport, location] and [teleport, destination] with inputs: [0.1 -0.5 .9, 0 0 0]
[14:10:51] [Render thread/WARN] (Minecraft) Ambiguity between arguments [teleport, location] and [teleport, targets] with inputs: [0.1 -0.5 .9, 0 0 0]
[14:10:51] [Render thread/WARN] (Minecraft) Ambiguity between arguments [teleport, destination] and [teleport, targets] with inputs: [Player, 0123, @e, dd12be42-52a9-4a91-a8a1-11c01849e498]
[14:10:51] [Render thread/WARN] (Minecraft) Ambiguity between arguments [teleport, targets] and [teleport, destination] with inputs: [Player, 0123, dd12be42-52a9-4a91-a8a1-11c01849e498]
[14:10:51] [Render thread/WARN] (Minecraft) Ambiguity between arguments [teleport, targets, location] and [teleport, targets, destination] with inputs: [0.1 -0.5 .9, 0 0 0]
[14:10:51] [Render thread/INFO] (Minecraft) Reloading ResourceManager: Default, Fabric Mods (Fabric Tool Attribute API (v1))
[14:10:52] [Render thread/INFO] (Minecraft) Loaded 7 recipes
[14:10:52] [Render thread/INFO] (Minecraft) Loaded 1137 advancements
[14:10:52] [Render thread/INFO] (BiomeModificationImpl) Applied 0 biome modifications to 0 of 81 new biomes in 2.150 ms
[14:10:53] [Render thread/INFO] (Minecraft) Environment: authHost='https://authserver.mojang.com', accountsHost='https://api.mojang.com', sessionHost='https://sessionserver.mojang.com', servicesHost='https://api.minecraftservices.com', name='PROD'
[14:10:53] [Server thread/INFO] (Minecraft) Starting integrated minecraft server version 1.17.1
[14:10:53] [Server thread/INFO] (Minecraft) Generating keypair
[14:10:54] [Server thread/INFO] (Minecraft) Preparing start region for dimension minecraft:overworld
[14:10:54] [Render thread/INFO] (Minecraft) Preparing spawn area: 0%
[14:10:54] [Render thread/INFO] (Minecraft) Preparing spawn area: 0%
[14:10:55] [Render thread/INFO] (Minecraft) Preparing spawn area: 0%
[14:10:55] [Render thread/INFO] (Minecraft) Preparing spawn area: 1%
[14:10:59] [Render thread/INFO] (Minecraft) Preparing spawn area: 4%
[14:10:59] [Render thread/INFO] (Minecraft) Preparing spawn area: 4%
[14:10:59] [Render thread/INFO] (Minecraft) Preparing spawn area: 4%
[14:10:59] [Render thread/INFO] (Minecraft) Preparing spawn area: 4%
[14:10:59] [Render thread/INFO] (Minecraft) Preparing spawn area: 4%
[14:10:59] [Render thread/INFO] (Minecraft) Preparing spawn area: 4%
[14:10:59] [Render thread/INFO] (Minecraft) Preparing spawn area: 10%
[14:10:59] [Render thread/INFO] (Minecraft) Preparing spawn area: 82%
[14:11:00] [Render thread/INFO] (Minecraft) Time elapsed: 6005 ms
[14:11:00] [Server thread/INFO] (Minecraft) Changing view distance to 11, from 10
[14:11:01] [Server thread/INFO] (Minecraft) Player110[local:E:9e85c7a6] logged in with entity id 158 at (-8.991210774766618, 66.0, 247.4376334192352)
[14:11:01] [Server thread/INFO] (Minecraft) Player110 joined the game
[14:11:01] [Server thread/INFO] (Minecraft) Saving and pausing game...
[14:11:01] [Server thread/INFO] (Minecraft) Saving chunks for level 'ServerLevel[New World]'/minecraft:overworld
[14:11:02] [Render thread/INFO] (Minecraft) Loaded 10 advancements
[14:11:02] [Server thread/INFO] (Minecraft) Saving chunks for level 'ServerLevel[New World]'/minecraft:the_nether
[14:11:02] [Server thread/INFO] (Minecraft) Saving chunks for level 'ServerLevel[New World]'/minecraft:the_end
[14:11:02] [Server thread/WARN] (Minecraft) Can't keep up! Is the server overloaded? Running 2297ms or 45 ticks behind
[14:11:09] [Render thread/INFO] (Minecraft) Loaded 28 advancements
[14:11:19] [Render thread/INFO] (Minecraft) Loaded 28 advancements
[14:11:21] [Render thread/INFO] (Minecraft) Loaded 28 advancements
[14:11:33] [Render thread/INFO] (Minecraft) Loaded 28 advancements
[14:11:45] [Render thread/INFO] (Minecraft) Loaded 29 advancements
[14:11:51] [Server thread/INFO] (Minecraft) Saving and pausing game...
[14:11:51] [Server thread/INFO] (Minecraft) Saving chunks for level 'ServerLevel[New World]'/minecraft:overworld
[14:11:52] [Server thread/INFO] (Minecraft) Saving chunks for level 'ServerLevel[New World]'/minecraft:the_nether
[14:11:52] [Server thread/INFO] (Minecraft) Saving chunks for level 'ServerLevel[New World]'/minecraft:the_end
[14:11:52] [Server thread/INFO] (Minecraft) Player110 lost connection: Disconnected
[14:11:52] [Server thread/INFO] (Minecraft) Player110 left the game
[14:11:52] [Server thread/INFO] (Minecraft) Stopping singleplayer server as player logged out
[14:11:52] [Server thread/INFO] (Minecraft) Stopping server
[14:11:52] [Server thread/INFO] (Minecraft) Saving players
[14:11:52] [Server thread/INFO] (Minecraft) Saving worlds
[14:11:52] [Server thread/INFO] (Minecraft) Saving chunks for level 'ServerLevel[New World]'/minecraft:overworld
[14:11:53] [Server thread/INFO] (Minecraft) Saving chunks for level 'ServerLevel[New World]'/minecraft:the_nether
[14:11:53] [Server thread/INFO] (Minecraft) Saving chunks for level 'ServerLevel[New World]'/minecraft:the_end
[14:11:53] [Server thread/INFO] (Minecraft) ThreadedAnvilChunkStorage (New World): All chunks are saved
[14:11:53] [Server thread/INFO] (Minecraft) ThreadedAnvilChunkStorage (DIM-1): All chunks are saved
[14:11:53] [Server thread/INFO] (Minecraft) ThreadedAnvilChunkStorage (DIM1): All chunks are saved
[14:11:53] [Server thread/INFO] (Minecraft) ThreadedAnvilChunkStorage: All dimensions are saved
[14:11:56] [Render thread/INFO] (Minecraft) Stopping!
